Change Component Footprint: Designator=P? Old Footprint=61300511121 New Footprint=61300511121
Change Component Designator: OldDesignator=1uF NewDesignator=C7
Change Component Designator: OldDesignator=1uF NewDesignator=C10
Change Component Designator: OldDesignator=4.7uF NewDesignator=C5
Change Component Designator: OldDesignator=4.7uF NewDesignator=C18
Change Component Designator: OldDesignator=10K NewDesignator=R1
Change Component Designator: OldDesignator=10K NewDesignator=R2
Change Component Designator: OldDesignator=10uF NewDesignator=C12
Change Component Designator: OldDesignator=10uF NewDesignator=C13
Change Component Designator: OldDesignator=18pF NewDesignator=C14
Change Component Designator: OldDesignator=18pF NewDesignator=C15
Change Component Designator: OldDesignator=60 NewDesignator=R3
Change Component Designator: OldDesignator=60 NewDesignator=R4
Change Component Designator: OldDesignator=100nF NewDesignator=C1
Change Component Designator: OldDesignator=100nF NewDesignator=C2
Change Component Designator: OldDesignator=100nF NewDesignator=C3
Change Component Designator: OldDesignator=100nF NewDesignator=C4
Change Component Designator: OldDesignator=100nF NewDesignator=C6
Change Component Designator: OldDesignator=100nF NewDesignator=C9
Change Component Designator: OldDesignator=100nF NewDesignator=C16
Change Component Designator: OldDesignator=100nF NewDesignator=C17
Change Component Designator: OldDesignator=100nF NewDesignator=C19
Change Component Designator: OldDesignator=C? NewDesignator=C8
Change Component Designator: OldDesignator=C? NewDesignator=C11
Change Component Designator: OldDesignator=C? NewDesignator=C20
Change Component Designator: OldDesignator=C? NewDesignator=C21
Change Component Designator: OldDesignator=FB? NewDesignator=FB1
Change Component Designator: OldDesignator=J? NewDesignator=J1
Change Component Designator: OldDesignator=P? NewDesignator=P1
Change Component Designator: OldDesignator=R? NewDesignator=R5
Change Component Designator: OldDesignator=R? NewDesignator=R6
Change Component Designator: OldDesignator=R? NewDesignator=R7
Change Component Designator: OldDesignator=U? NewDesignator=U1
Change Component Designator: OldDesignator=U? NewDesignator=U2
Change Component Designator: OldDesignator=U? NewDesignator=U3
Change Component Designator: OldDesignator=Y? NewDesignator=Y1
Change component parameters: Designator = "100nF" ("100nF"); Footprint = "MURA-0603_H_0.9_M"; UniqueID = "\UFRCBIQO" ("\UFRCBIQO")
Change component parameters (AddParameter): Name = "Brand"; Value = "MurataElectronics"; VariantName = "[No Variations]"
Change component parameters (AddParameter): Name = "Capacitance"; Value = "0.1uF"; VariantName = "[No Variations]"
Change component parameters (AddParameter): Name = "Capacitance - nF"; Value = "100nF"; VariantName = "[No Variations]"
Change component parameters (AddParameter): Name = "Capacitance - pF"; Value = "100000pF"; VariantName = "[No Variations]"
Change component parameters (AddParameter): Name = "Case Code - in"; Value = "0603"; VariantName = "[No Variations]"
Change component parameters (AddParameter): Name = "Case Code - mm"; Value = "1608"; VariantName = "[No Variations]"
Change component parameters (AddParameter): Name = "Case Height"; Value = "0.8mm"; VariantName = "[No Variations]"
Change component parameters (AddParameter): Name = "Case Length"; Value = "1.6mm"; VariantName = "[No Variations]"
Change component parameters (AddParameter): Name = "Case Width"; Value = "0.8mm"; VariantName = "[No Variations]"
Change component parameters (AddParameter): Name = "Datasheet URL"; Value = "https://datasheet.ciiva.com/29202/451467-da-01-en-vs-kondensator-0603-29202287.pdf"; VariantName = "[No Variations]"
Change component parameters (AddParameter): Name = "Datasheet Version"; Value = "Dec-10"; VariantName = "[No Variations]"
Change component parameters (AddParameter): Name = "Dielectric"; Value = "X7R"; VariantName = "[No Variations]"
Change component parameters (AddParameter): Name = "Dimensions"; Value = "0.8mmWx1.6mmLx0.8mmH"; VariantName = "[No Variations]"
Change component parameters (AddParameter): Name = "Factory Pack Quantity"; Value = "4000"; VariantName = "[No Variations]"
Change component parameters (AddParameter): Name = "Manufacturer"; Value = "Murata"; VariantName = "[No Variations]"
Change component parameters (AddParameter): Name = "Manufacturer URL"; Value = "http://www.murata.com/"; VariantName = "[No Variations]"
Change component parameters (AddParameter): Name = "Maximum Operating Temperature"; Value = "+125C"; VariantName = "[No Variations]"
Change component parameters (AddParameter): Name = "Minimum Operating Temperature"; Value = "-55C"; VariantName = "[No Variations]"
Change component parameters (AddParameter): Name = "Operating Temperature Range"; Value = "-55Cto+125C"; VariantName = "[No Variations]"
Change component parameters (AddParameter): Name = "Package / Case"; Value = "0603(1608metric)"; VariantName = "[No Variations]"
Change component parameters (AddParameter): Name = "Packaging"; Value = "Reel"; VariantName = "[No Variations]"
Change component parameters (AddParameter): Name = "Parameter 1"; Value = ""; VariantName = "[No Variations]"
Change component parameters (AddParameter): Name = "Product"; Value = "GeneralTypeMLCCs"; VariantName = "[No Variations]"
Change component parameters (AddParameter): Name = "Product Category"; Value = "MultilayerCeramicCapacitorsMLCC-SMD/SMT"; VariantName = "[No Variations]"
Change component parameters (AddParameter): Name = "RoHS"; Value = "Details"; VariantName = "[No Variations]"
Change component parameters (AddParameter): Name = "Series"; Value = "GRM"; VariantName = "[No Variations]"
Change component parameters (AddParameter): Name = "Temperature Coefficient / Code"; Value = "+/-15%"; VariantName = "[No Variations]"
Change component parameters (AddParameter): Name = "Termination Style"; Value = "SMD/SMT"; VariantName = "[No Variations]"
Change component parameters (AddParameter): Name = "Tolerance"; Value = "10%"; VariantName = "[No Variations]"
Change component parameters (AddParameter): Name = "Type"; Value = "GeneralPurposeMLCC"; VariantName = "[No Variations]"
Change component parameters (AddParameter): Name = "Voltage Rating"; Value = "16V"; VariantName = "[No Variations]"
Change component parameters (AddParameter): Name = "Voltage Rating DC"; Value = "16V"; VariantName = "[No Variations]"
Change component parameters: Designator = "C?" ("C?"); Footprint = "FP-GCM155-0_05-MFG"; UniqueID = "\PLEFTBAK" ("\PLEFTBAK")
Change component parameters (AddParameter): Name = "10nF"; Value = ""; VariantName = "[No Variations]"
Added Pin To Net: NetName=FDCAN_TX Pin=U2-1
Added Pin To Net: NetName=FDCAN_RX Pin=U2-4
Change Net Name : Old Net Name=Net4.7uF_1 New Net Name=NetC18_1
Change Net Name : Old Net Name=NetR?_1 New Net Name=NetR5_2
Added Member To Class: ClassName=Controller_Schematic Member=Component C1 GRM188R71C104KA01D
Added Member To Class: ClassName=Controller_Schematic Member=Component C2 GRM188R71C104KA01D
Added Member To Class: ClassName=Controller_Schematic Member=Component C3 GRM188R71C104KA01D
Added Member To Class: ClassName=Controller_Schematic Member=Component C6 GRM188R71C104KA01D
Added Member To Class: ClassName=Controller_Schematic Member=Component C7 GRM188R60J105KA01D
Added Member To Class: ClassName=Controller_Schematic Member=Component C8 10nF
Added Member To Class: ClassName=Controller_Schematic Member=Component C9 GRM188R71C104KA01D
Added Member To Class: ClassName=Controller_Schematic Member=Component C11 10nF
Added Member To Class: ClassName=Controller_Schematic Member=Component C13 GRM21BR61A106KE19L
Added Member To Class: ClassName=Controller_Schematic Member=Component C15 GRM1885C1H180JA01D
Added Member To Class: ClassName=Controller_Schematic Member=Component C16 GRM188R71C104KA01D
Added Member To Class: ClassName=Controller_Schematic Member=Component C17 GRM188R71C104KA01D
Added Member To Class: ClassName=Controller_Schematic Member=Component C18 GRM188R71H472KA01D
Added Member To Class: ClassName=Controller_Schematic Member=Component C19 GRM188R71C104KA01D
Added Member To Class: ClassName=Controller_Schematic Member=Component C21 10nF
Added Member To Class: ClassName=Controller_Schematic Member=Component R1 RC0603FR-0710KL
Added Member To Class: ClassName=Controller_Schematic Member=Component R3 RC0603FR-0759RL
Added Member To Class: ClassName=Controller_Schematic Member=Component R5 100K
Added Member To Class: ClassName=Controller_Schematic Member=Component R6 100K
Added Member To Class: ClassName=Controller_Schematic Member=Component U2 TJA1051T/3,118
Added Member To Class: ClassName=Controller_Schematic Member=Component U3 TPS7A2033PDBVR
