Removed Pin From Net: NetName=3V3 Pin=P1-1
Removed Pin From Net: NetName=SWDIO Pin=P1-2
Removed Pin From Net: NetName=MCU NRST Pin=P1-5
Removed Pin From Net: NetName=5V Pin=P1-6
Removed Pin From Net: NetName=GND Pin=P1-8
Removed Pin From Net: NetName=GND Pin=P1-10
Removed Pin From Net: NetName=PWM_OUT Pin=P2-3
Removed Pin From Net: NetName=GND Pin=P2-4
Removed Pin From Net: NetName=Imeas_IN Pin=P2-5
Removed Pin From Net: NetName=V_conv Pin=P2-6
Removed Pin From Net: NetName=GND Pin=P2-7
Added Pin To Net: NetName=GND Pin=P1-1
Added Pin To Net: NetName=GND Pin=P1-2
Added Pin To Net: NetName=SWDIO Pin=P1-5
Added Pin To Net: NetName=MCU NRST Pin=P1-6
Added Pin To Net: NetName=3V3 Pin=P1-8
Added Pin To Net: NetName=5V Pin=P1-10
Added Pin To Net: NetName=GND Pin=P2-3
Added Pin To Net: NetName=PWM_OUT Pin=P2-4
Added Pin To Net: NetName=GND Pin=P2-5
Added Pin To Net: NetName=Imeas_IN Pin=P2-6
Added Pin To Net: NetName=V_conv Pin=P2-7
